  0%|          | 0/50 [00:00<?, ?it/s]  0%|          | 0/50 [00:03<?, ?it/s]
Traceback (most recent call last):
  File "/cache/home/df630/conditional_rate_matching/src/conditional_rate_matching/configs/experiments_configs/crm/crm_experiments_Cifar.py", line 45, in <module>
    call_trainer(config,
  File "/cache/home/df630/conditional_rate_matching/src/conditional_rate_matching/models/trainers/call_all_trainers.py", line 19, in call_trainer
    results_, all_metrics = crm_trainer.train()
  File "/cache/home/df630/conditional_rate_matching/src/conditional_rate_matching/models/trainers/abstract_trainer.py", line 150, in train
    loss = self.train_step(databatch,training_state.number_of_training_steps,epoch)
  File "/cache/home/df630/conditional_rate_matching/src/conditional_rate_matching/models/trainers/crm_trainer.py", line 139, in train_step
    model_classification = self.generative_model.forward_rate.classify(sampled_x, time)
  File "/cache/home/df630/conditional_rate_matching/src/conditional_rate_matching/models/temporal_networks/rates/crm_rates.py", line 208, in classify
    change_logits = self.temporal_network(x,times)
  File "/home/df630/.conda/envs/conditional_rate_matching/lib/python3.10/site-packages/torch/nn/modules/module.py", line 1511, in _wrapped_call_impl
    return self._call_impl(*args, **kwargs)
  File "/home/df630/.conda/envs/conditional_rate_matching/lib/python3.10/site-packages/torch/nn/modules/module.py", line 1520, in _call_impl
    return forward_call(*args, **kwargs)
  File "/cache/home/df630/conditional_rate_matching/src/conditional_rate_matching/models/temporal_networks/temporal_diffusers_wrappers.py", line 63, in forward
    return self.temp_net(x, times).sample
  File "/home/df630/.conda/envs/conditional_rate_matching/lib/python3.10/site-packages/torch/nn/modules/module.py", line 1511, in _wrapped_call_impl
    return self._call_impl(*args, **kwargs)
  File "/home/df630/.conda/envs/conditional_rate_matching/lib/python3.10/site-packages/torch/nn/modules/module.py", line 1520, in _call_impl
    return forward_call(*args, **kwargs)
  File "/home/df630/.conda/envs/conditional_rate_matching/lib/python3.10/site-packages/diffusers-0.27.2-py3.10.egg/diffusers/models/unets/unet_2d.py", line 329, in forward
    sample = upsample_block(sample, res_samples, emb)
  File "/home/df630/.conda/envs/conditional_rate_matching/lib/python3.10/site-packages/torch/nn/modules/module.py", line 1511, in _wrapped_call_impl
    return self._call_impl(*args, **kwargs)
  File "/home/df630/.conda/envs/conditional_rate_matching/lib/python3.10/site-packages/torch/nn/modules/module.py", line 1520, in _call_impl
    return forward_call(*args, **kwargs)
  File "/home/df630/.conda/envs/conditional_rate_matching/lib/python3.10/site-packages/diffusers-0.27.2-py3.10.egg/diffusers/models/unets/unet_2d_blocks.py", line 2369, in forward
    hidden_states = resnet(hidden_states, temb)
  File "/home/df630/.conda/envs/conditional_rate_matching/lib/python3.10/site-packages/torch/nn/modules/module.py", line 1511, in _wrapped_call_impl
    return self._call_impl(*args, **kwargs)
  File "/home/df630/.conda/envs/conditional_rate_matching/lib/python3.10/site-packages/torch/nn/modules/module.py", line 1520, in _call_impl
    return forward_call(*args, **kwargs)
  File "/home/df630/.conda/envs/conditional_rate_matching/lib/python3.10/site-packages/diffusers-0.27.2-py3.10.egg/diffusers/models/resnet.py", line 374, in forward
    input_tensor = self.conv_shortcut(input_tensor)
  File "/home/df630/.conda/envs/conditional_rate_matching/lib/python3.10/site-packages/torch/nn/modules/module.py", line 1511, in _wrapped_call_impl
    return self._call_impl(*args, **kwargs)
  File "/home/df630/.conda/envs/conditional_rate_matching/lib/python3.10/site-packages/torch/nn/modules/module.py", line 1520, in _call_impl
    return forward_call(*args, **kwargs)
  File "/home/df630/.conda/envs/conditional_rate_matching/lib/python3.10/site-packages/torch/nn/modules/conv.py", line 460, in forward
    return self._conv_forward(input, self.weight, self.bias)
  File "/home/df630/.conda/envs/conditional_rate_matching/lib/python3.10/site-packages/torch/nn/modules/conv.py", line 456, in _conv_forward
    return F.conv2d(input, weight, bias, self.stride,
torch.cuda.OutOfMemoryError: CUDA out of memory. Tried to allocate 56.00 MiB. GPU 0 has a total capacity of 10.75 GiB of which 35.62 MiB is free. Including non-PyTorch memory, this process has 10.71 GiB memory in use. Of the allocated memory 10.26 GiB is allocated by PyTorch, and 263.96 MiB is reserved by PyTorch but unallocated. If reserved but unallocated memory is large try setting PYTORCH_CUDA_ALLOC_CONF=expandable_segments:True to avoid fragmentation.  See documentation for Memory Management  (https://pytorch.org/docs/stable/notes/cuda.html#environment-variables)
