Initial GPU Status:
Sat May 11 00:15:10 2024       
+---------------------------------------------------------------------------------------+
| NVIDIA-SMI 535.129.03             Driver Version: 535.129.03   CUDA Version: 12.2     |
|-----------------------------------------+----------------------+----------------------+
| GPU  Name                 Persistence-M | Bus-Id        Disp.A | Volatile Uncorr. ECC |
| Fan  Temp   Perf          Pwr:Usage/Cap |         Memory-Usage | GPU-Util  Compute M. |
|                                         |                      |               MIG M. |
|=========================================+======================+======================|
|   0  NVIDIA GeForce RTX 2080 Ti     On  | 00000000:1D:00.0 Off |                  N/A |
| 37%   55C    P8               2W / 250W |      1MiB / 11264MiB |      0%      Default |
|                                         |                      |                  N/A |
+-----------------------------------------+----------------------+----------------------+
|   1  NVIDIA GeForce RTX 2080 Ti     On  | 00000000:1E:00.0 Off |                  N/A |
| 30%   28C    P8              18W / 250W |      1MiB / 11264MiB |      0%      Default |
|                                         |                      |                  N/A |
+-----------------------------------------+----------------------+----------------------+
|   2  NVIDIA GeForce RTX 2080 Ti     On  | 00000000:1F:00.0 Off |                  N/A |
| 44%   61C    P2             153W / 250W |   9991MiB / 11264MiB |     44%      Default |
|                                         |                      |                  N/A |
+-----------------------------------------+----------------------+----------------------+
|   3  NVIDIA GeForce RTX 2080 Ti     On  | 00000000:20:00.0 Off |                  N/A |
| 30%   27C    P8               8W / 250W |      3MiB / 11264MiB |      0%      Default |
|                                         |                      |                  N/A |
+-----------------------------------------+----------------------+----------------------+
|   4  NVIDIA GeForce RTX 2080 Ti     On  | 00000000:21:00.0 Off |                  N/A |
| 30%   27C    P8              17W / 250W |      1MiB / 11264MiB |      0%      Default |
|                                         |                      |                  N/A |
+-----------------------------------------+----------------------+----------------------+
|   5  NVIDIA GeForce RTX 2080 Ti     On  | 00000000:22:00.0 Off |                  N/A |
| 30%   29C    P8              15W / 250W |      3MiB / 11264MiB |      0%      Default |
|                                         |                      |                  N/A |
+-----------------------------------------+----------------------+----------------------+
|   6  NVIDIA GeForce RTX 2080 Ti     On  | 00000000:23:00.0 Off |                  N/A |
| 30%   29C    P8               7W / 250W |      3MiB / 11264MiB |      0%      Default |
|                                         |                      |                  N/A |
+-----------------------------------------+----------------------+----------------------+
|   7  NVIDIA GeForce RTX 2080 Ti     On  | 00000000:24:00.0 Off |                  N/A |
| 30%   28C    P8              15W / 250W |      1MiB / 11264MiB |      0%      Default |
|                                         |                      |                  N/A |
+-----------------------------------------+----------------------+----------------------+
                                                                                         
+---------------------------------------------------------------------------------------+
| Processes:                                                                            |
|  GPU   GI   CI        PID   Type   Process name                            GPU Memory |
|        ID   ID                                                             Usage      |
|=======================================================================================|
|    2   N/A  N/A    214962      C   python                                     9988MiB |
+---------------------------------------------------------------------------------------+
tensor(-0.8705, device='cuda:0')
