Initial GPU Status:
Fri May 10 20:56:49 2024       
+---------------------------------------------------------------------------------------+
| NVIDIA-SMI 535.129.03             Driver Version: 535.129.03   CUDA Version: 12.2     |
|-----------------------------------------+----------------------+----------------------+
| GPU  Name                 Persistence-M | Bus-Id        Disp.A | Volatile Uncorr. ECC |
| Fan  Temp   Perf          Pwr:Usage/Cap |         Memory-Usage | GPU-Util  Compute M. |
|                                         |                      |               MIG M. |
|=========================================+======================+======================|
|   0  NVIDIA GeForce RTX 2080 Ti     On  | 00000000:1B:00.0 Off |                  N/A |
| 43%   60C    P2             136W / 250W |   9991MiB / 11264MiB |     46%      Default |
|                                         |                      |                  N/A |
+-----------------------------------------+----------------------+----------------------+
|   1  NVIDIA GeForce RTX 2080 Ti     On  | 00000000:1C:00.0 Off |                  N/A |
| 30%   27C    P8              20W / 250W |      3MiB / 11264MiB |      0%      Default |
|                                         |                      |                  N/A |
+-----------------------------------------+----------------------+----------------------+
|   2  NVIDIA GeForce RTX 2080 Ti     On  | 00000000:1D:00.0 Off |                  N/A |
| 30%   30C    P8               6W / 250W |      3MiB / 11264MiB |      0%      Default |
|                                         |                      |                  N/A |
+-----------------------------------------+----------------------+----------------------+
|   3  NVIDIA GeForce RTX 2080 Ti     On  | 00000000:1E:00.0 Off |                  N/A |
| 30%   27C    P8              17W / 250W |      3MiB / 11264MiB |      0%      Default |
|                                         |                      |                  N/A |
+-----------------------------------------+----------------------+----------------------+
|   4  NVIDIA GeForce RTX 2080 Ti     On  | 00000000:89:00.0 Off |                  N/A |
| 30%   40C    P2              50W / 250W |   8145MiB / 11264MiB |      3%      Default |
|                                         |                      |                  N/A |
+-----------------------------------------+----------------------+----------------------+
|   5  NVIDIA GeForce RTX 2080 Ti     On  | 00000000:8A:00.0 Off |                  N/A |
| 32%   42C    P2              55W / 250W |   8145MiB / 11264MiB |      3%      Default |
|                                         |                      |                  N/A |
+-----------------------------------------+----------------------+----------------------+
|   6  NVIDIA GeForce RTX 2080 Ti     On  | 00000000:8B:00.0 Off |                  N/A |
| 30%   27C    P8              22W / 250W |      1MiB / 11264MiB |      0%      Default |
|                                         |                      |                  N/A |
+-----------------------------------------+----------------------+----------------------+
|   7  NVIDIA GeForce RTX 2080 Ti     On  | 00000000:8C:00.0 Off |                  N/A |
| 30%   28C    P8              20W / 250W |      1MiB / 11264MiB |      0%      Default |
|                                         |                      |                  N/A |
+-----------------------------------------+----------------------+----------------------+
                                                                                         
+---------------------------------------------------------------------------------------+
| Processes:                                                                            |
|  GPU   GI   CI        PID   Type   Process name                            GPU Memory |
|        ID   ID                                                             Usage      |
|=======================================================================================|
|    0   N/A  N/A     56156      C   python                                     9988MiB |
|    4   N/A  N/A    181252      C   python                                     8142MiB |
|    5   N/A  N/A    181254      C   python                                     8142MiB |
+---------------------------------------------------------------------------------------+
