Job started on Thu May 16 20:59:53 EDT 2024
Job ID: 36655444
Node List: gpu016
Job Name: mnist
                         Block Limits                                    |     File Limits
Filesystem type         blocks      quota      limit   in_doubt    grace |    files   quota    limit in_doubt    grace  Remarks
scratch    USR          507.5M         1T         2T     667.6M     none |       26       0        0       63     none DSSP.amarel
cache      USR          27.85G       100G       110G     486.5M     none |    78271       0        0      195     none DSSP.amarel
Initial GPU Status:
Thu May 16 20:59:56 2024       
+---------------------------------------------------------------------------------------+
| NVIDIA-SMI 535.129.03             Driver Version: 535.129.03   CUDA Version: 12.2     |
|-----------------------------------------+----------------------+----------------------+
| GPU  Name                 Persistence-M | Bus-Id        Disp.A | Volatile Uncorr. ECC |
| Fan  Temp   Perf          Pwr:Usage/Cap |         Memory-Usage | GPU-Util  Compute M. |
|                                         |                      |               MIG M. |
|=========================================+======================+======================|
|   0  NVIDIA A100-PCIE-40GB          On  | 00000000:06:00.0 Off |                    0 |
| N/A   38C    P0              52W / 250W |    951MiB / 40960MiB |     40%      Default |
|                                         |                      |             Disabled |
+-----------------------------------------+----------------------+----------------------+
|   1  NVIDIA A100-PCIE-40GB          On  | 00000000:2F:00.0 Off |                    0 |
| N/A   37C    P0              53W / 250W |    951MiB / 40960MiB |     38%      Default |
|                                         |                      |             Disabled |
+-----------------------------------------+----------------------+----------------------+
|   2  NVIDIA A100-PCIE-40GB          On  | 00000000:86:00.0 Off |                    0 |
| N/A   38C    P0              58W / 250W |    951MiB / 40960MiB |     37%      Default |
|                                         |                      |             Disabled |
+-----------------------------------------+----------------------+----------------------+
|   3  NVIDIA A100-PCIE-40GB          On  | 00000000:D8:00.0 Off |                    0 |
| N/A   34C    P0              31W / 250W |      4MiB / 40960MiB |      0%      Default |
|                                         |                      |             Disabled |
+-----------------------------------------+----------------------+----------------------+
                                                                                         
+---------------------------------------------------------------------------------------+
| Processes:                                                                            |
|  GPU   GI   CI        PID   Type   Process name                            GPU Memory |
|        ID   ID                                                             Usage      |
|=======================================================================================|
|    0   N/A  N/A    204513      C   ...p/software/python/local/bin/python3      938MiB |
|    1   N/A  N/A    204512      C   ...p/software/python/local/bin/python3      938MiB |
|    2   N/A  N/A    204514      C   ...p/software/python/local/bin/python3      938MiB |
+---------------------------------------------------------------------------------------+
# ==================================================
# START OF TRAINING 
# ==================================================
# Current Model ************************************
fashion_to_mnist_unet_uniform_coupling_ConstantThermostat_gamma_1.0__21h00s39_2024.05.16
crm/images
run
# ==================================================
# Number of Epochs 2
# ==================================================
Job finished on Thu May 16 21:01:36 EDT 2024
