6 10 5 10 15 11 3 0 3 1 19 4 7 12 4
5 14 7 3 16 14 2 3 12 11 6 5 6 2 0
3 13 2 1 17 5 10 0 6 12 3 1 3 0 0
6 16 8 7 30 43 6 3 3 11 13 8 9 7 2
6 12 7 8 13 13 3 1 8 4 13 7 9 11 1
6 11 6 9 13 11 3 0 6 3 18 7 7 10 3
7 10 11 10 10 14 1 4 9 2 14 15 7 13 3
5 15 5 5 13 13 9 1 9 7 11 3 9 6 0
5 13 4 6 13 8 6 0 7 5 14 4 8 4 2
6 12 8 7 10 13 2 3 9 5 11 7 9 9 1
6 13 3 12 7 2 6 0 6 3 17 1 17 10 9
6 12 3 12 15 4 1 0 4 6 22 1 13 10 9
6 21 8 7 17 43 9 3 9 20 8 8 18 7 2
6 13 4 11 7 7 4 1 5 7 14 0 17 13 6
8 5 9 19 5 4 0 1 3 0 11 11 7 29 15
7 13 9 12 7 10 2 3 12 5 6 9 19 18 5
7 12 7 14 5 8 5 1 8 0 10 6 19 20 8
8 8 11 17 5 6 1 3 9 0 8 16 12 25 12
4 15 1 5 15 1 6 0 4 17 10 0 13 2 2
7 12 7 14 5 8 5 1 8 0 10 6 19 20 8
