5 10 8 2 4 26 4 4 4 4 2 6 2 0 0
3 6 2 1 8 4 2 0 2 1 0 1 2 0 0
3 6 2 1 8 4 2 0 2 1 0 1 2 0 0
4 5 3 3 6 6 2 1 2 1 5 0 0 3 0
4 5 3 3 6 6 2 1 2 1 5 0 0 3 0
3 6 2 1 10 4 2 0 2 2 4 1 0 0 0
3 6 2 1 10 4 2 0 2 2 4 1 0 0 0
5 8 6 4 8 22 4 2 1 3 4 4 2 4 0
4 7 3 3 4 4 3 0 3 0 3 2 4 2 0
4 5 3 3 4 4 0 1 2 2 3 0 2 3 0
2 5 0 1 8 0 2 0 0 2 1 0 2 0 0
3 6 1 2 10 0 1 0 2 2 4 0 2 1 0
5 4 5 5 4 6 1 1 1 0 4 3 2 6 0
4 7 3 3 4 4 3 0 3 0 3 2 4 2 0
0 0 0 0 0 0 0 0 0 0 0 0 0 0 0
0 0 0 0 0 0 0 0 0 0 0 0 0 0 0
0 0 0 0 0 0 0 0 0 0 0 0 0 0 0
0 0 0 0 0 0 0 0 0 0 0 0 0 0 0
0 0 0 0 0 0 0 0 0 0 0 0 0 0 0
0 0 0 0 0 0 0 0 0 0 0 0 0 0 0
